[LOG] System::create                           : Header version = 2.02.04. Current version = 2.02.04.
[LOG] Manager::init                            : maxchannels = 256 studioflags = 00000006 flags 00000000 extradriverdata 0x0.
[LOG] SystemI::init                            : Initialize version=20204 (121702), maxchannels=256, flags=0x00020000
[LOG] SystemI::setOutputInternal               : Setting output to 'FMOD Core Audio Output'
[LOG] OutputCoreAudio::init                    : Output running 2 channels at 44100Hz sample rate.
[LOG] OutputCoreAudio::init                    : Maximum hardware read size: 512 samples, Software buffer size: 512 samples, Number of software buffers: 4.
[LOG] SystemI::init                            : Output requires a sample rate of 44100Hz, resampling will occur.
[LOG] Thread::initThread                       : Init FMOD stream thread. Affinity: 0x4000000000000003, Priority: 0xFFFF7FFB, Stack Size: 98304, Semaphore: No, Sleep Time: 10, Looping: Yes.
[LOG] Thread::initThread                       : Init FMOD mixer thread. Affinity: 0x4000000000000001, Priority: 0xFFFF7FFA, Stack Size: 81920, Semaphore: Yes, Sleep Time: 0, Looping: Yes.
[LOG] AsyncManager::init                       : manager 0x7fc38b336a08 isAsync 0 updatePeriod 0.02
[LOG] AsyncManager::init                       : done
[LOG] PlaybackSystem::init                     : 
[LOG] Thread::initThread                       : Init FMOD Studio sample load thread. Affinity: 0x4000000000000003, Priority: 0xFFFF7FFD, Stack Size: 98304, Semaphore: No, Sleep Time: 1, Looping: No.
[LOG] PlaybackSystem::init                     : done
[LOG] Thread::initThread                       : Init FMOD Studio bank load thread. Affinity: 0x4000000000000003, Priority: 0xFFFF7FFD, Stack Size: 98304, Semaphore: No, Sleep Time: 1, Looping: No.
[LOG] Manager::init                            : done.
[LOG] Manager::readBank                        : fileversion = 141, compatVersion = 140 (oldest = 44, newest = 141)
[LOG] Manager::readBank                        : fileversion = 141, compatVersion = 140 (oldest = 44, newest = 141)
[LOG] Manager::readBank                        : fileversion = 141, compatVersion = 140 (oldest = 44, newest = 141)
[LOG] PlaybackSystem::acquireMasterBus         : Setting master channel group format to 6
[LOG] Manager::readBank                        : fileversion = 141, compatVersion = 140 (oldest = 44, newest = 141)
[LOG] SoundI::release                          :  (0x7fc386c84298)
[LOG] SoundI::release                          :     Sand step 20 (0x7fc38a38fc98)
[LOG] SoundI::release                          :  (0x7fc386cf0d48)
[LOG] SoundI::release                          :     Sand step 21 (0x7fc386c6bd08)
[LOG] SoundI::release                          :  (0x7fc3866a94b8)
[LOG] SoundI::release                          :     Sand step 23 (0x7fc38667a398)
[LOG] SoundI::release                          :  (0x7fc386c751d8)
[LOG] SoundI::release                          :     Sand step 24 (0x7fc38a386478)
[LOG] SoundI::release                          :  (0x7fc387d2e388)
[LOG] SoundI::release                          :     Sand step 25 (0x7fc387d8c118)
[LOG] SoundI::release                          :  (0x7fc387d32688)
[LOG] SoundI::release                          :     Sand step 27 (0x7fc38a304638)
[LOG] SoundI::release                          :  (0x7fc3866cea18)
[LOG] SoundI::release                          :     Sand step 28 (0x7fc3866a7a78)
[LOG] SoundI::release                          :  (0x7fc38a396418)
[LOG] SoundI::release                          :     Sand step 29 (0x7fc38a377298)
[LOG] SoundI::release                          :  (0x7fc38a036588)
[LOG] SoundI::release                          :     Sand step 30 (0x7fc38a035738)
[LOG] SoundI::release                          :  (0x7fc386cfa5d8)
[LOG] SoundI::release                          :     Sand step 31 (0x7fc38a3b3c78)
[LOG] SoundI::release                          :  (0x7fc387d79b58)
[LOG] SoundI::release                          :     Sand step 32 (0x7fc387d9a5c8)
[LOG] SoundI::release                          :  (0x7fc386caaf58)
[LOG] SoundI::release                          :     Sand step 33 (0x7fc38a318578)
[LOG] SoundI::release                          :  (0x7fc387d5d5c8)
[LOG] SoundI::release                          :     Sand step 34 (0x7fc387d19b68)
[LOG] SoundI::release                          :  (0x7fc38a3701c8)
[LOG] SoundI::release                          :     Sand step 35 (0x7fc386cc6438)
[LOG] SoundI::release                          :  (0x7fc386636358)
[LOG] SoundI::release                          :     Sand step 36 (0x7fc38662de78)
[LOG] SoundI::release                          :  (0x7fc386685a18)
[LOG] SoundI::release                          :     Sand step 37 (0x7fc3866ee278)
[LOG] SoundI::release                          :  (0x7fc3866a03c8)
[LOG] SoundI::release                          :     Sand step 38 (0x7fc3866a5938)
[LOG] SoundI::release                          :  (0x7fc3866f8af8)
[LOG] SoundI::release                          :     Sand step 4 (0x7fc3866269b8)
[LOG] SoundI::release                          :  (0x7fc386ce8c18)
[LOG] SoundI::release                          :     Sand step 41 (0x7fc386c9e068)
[LOG] SoundI::release                          :  (0x7fc38b901168)
[LOG] SoundI::release                          :     Sand step 42 (0x7fc3866f28c8)
[LOG] SoundI::release                          :  (0x7fc38667efa8)
[LOG] SoundI::release                          :     Sand step 43 (0x7fc3866c1828)
[LOG] SoundI::release                          :  (0x7fc387ded2f8)
[LOG] SoundI::release                          :     Sand step 5 (0x7fc387de6988)
[LOG] SoundI::release                          :  (0x7fc386671a08)
[LOG] SoundI::release                          :     Sand step 6 (0x7fc38660f7c8)
[LOG] SoundI::release                          :  (0x7fc387daca48)
[LOG] SoundI::release                          :     Sand step 7 (0x7fc387db1468)
[LOG] SoundI::release                          :  (0x7fc38a3229a8)
[LOG] SoundI::release                          :     Sand step 9 (0x7fc387df8268)
[LOG] SoundI::release                          :  (0x7fc387dd8618)
[LOG] SoundI::release                          :     Sand step 15 (0x7fc387dc8c88)
[LOG] SoundI::release                          :  (0x7fc386ca7fc8)
[LOG] SoundI::release                          :     Sand step 3 (0x7fc38a3e42a8)
[LOG] SoundI::release                          :  (0x7fc386660b78)
[LOG] SoundI::release                          :     Sand step 40 (0x7fc38668c588)
[LOG] SoundI::release                          :  (0x7fc3866f0a58)
[LOG] SoundI::release                          :     Sand step 8 (0x7fc3866d8298)
[LOG] SoundI::release                          :  (0x7fc386685c58)
[LOG] SoundI::release                          :     Sand step 11 (0x7fc3866f1ff8)
[LOG] SoundI::release                          :  (0x7fc386672f88)
[LOG] SoundI::release                          :     Sand step 18 (0x7fc3866f48b8)
[LOG] SoundI::release                          :  (0x7fc38a38eff8)
[LOG] SoundI::release                          :     Sand step 22 (0x7fc387de7458)
[LOG] SoundI::release                          :  (0x7fc387dd62b8)
[LOG] SoundI::release                          :     Sand step 26 (0x7fc386c27e38)
[LOG] SoundI::release                          :  (0x7fc387d1f8c8)
[LOG] SoundI::release                          :     Sand step 39 (0x7fc387d45078)
[LOG] SoundI::release                          :  (0x7fc3866ae3e8)
[LOG] SoundI::release                          :     Metal Step 17 (0x7fc386691798)
[LOG] SoundI::release                          :  (0x7fc387d7f7e8)
[LOG] SoundI::release                          :     Metal Step 21 (0x7fc386cb51b8)
[LOG] SoundI::release                          :  (0x7fc38a357778)
[LOG] SoundI::release                          :     Metal Step 27 (0x7fc38a34a658)
[LOG] SoundI::release                          :  (0x7fc386cabad8)
[LOG] SoundI::release                          :     Metal Step 3 (0x7fc38a3dbdf8)
[LOG] SoundI::release                          :  (0x7fc386cf5c48)
[LOG] SoundI::release                          :     Metal Step 30 (0x7fc386cfaef8)
[LOG] SoundI::release                          :  (0x7fc387df5378)
[LOG] SoundI::release                          :     Metal Step 32 (0x7fc386c6a7f8)
[LOG] SoundI::release                          :  (0x7fc386cadac8)
[LOG] SoundI::release                          :     Metal Step 36 (0x7fc38a397a78)
[LOG] SoundI::release                          :  (0x7fc38a350198)
[LOG] SoundI::release                          :     Metal Step 38 (0x7fc38a302b58)
[LOG] SoundI::release                          :  (0x7fc386ca1bc8)
[LOG] SoundI::release                          :     Metal Step 5 (0x7fc38a3cbf48)
[LOG] SoundI::release                          :  (0x7fc3866d52c8)
[LOG] SoundI::release                          :     Metal Step 16 (0x7fc3866706b8)
[LOG] SoundI::release                          :  (0x7fc386c43778)
[LOG] SoundI::release                          :     Metal Step 19 (0x7fc38a352318)
[LOG] SoundI::release                          :  (0x7fc387dee358)
[LOG] SoundI::release                          :     Metal Step 11 (0x7fc387df4428)
[LOG] SoundI::release                          :  (0x7fc387df63f8)
[LOG] SoundI::release                          :     Metal Step 1 (0x7fc386c372e8)
[LOG] SoundI::release                          :  (0x7fc386ca7378)
[LOG] SoundI::release                          :     Metal Step 24 (0x7fc38a3d47b8)
[LOG] SoundI::release                          :  (0x7fc38a3dcbb8)
[LOG] SoundI::release                          :     Metal Step 25 (0x7fc38a31be78)
[LOG] SoundI::release                          :  (0x7fc38a3cc3a8)
[LOG] SoundI::release                          :     Metal Step 26 (0x7fc387dae388)
[LOG] SoundI::release                          :  (0x7fc3866bd2a8)
[LOG] SoundI::release                          :     Metal Step 28 (0x7fc3866892c8)
[LOG] SoundI::release                          :  (0x7fc3866c5008)
[LOG] SoundI::release                          :     Metal Step 29 (0x7fc38665bfa8)
[LOG] SoundI::release                          :  (0x7fc3866bcae8)
[LOG] SoundI::release                          :     Metal Step 34 (0x7fc386649d78)
[LOG] SoundI::release                          :  (0x7fc386615808)
[LOG] SoundI::release                          :     Metal Step 35 (0x7fc38667e998)
[LOG] SoundI::release                          :  (0x7fc3866f8ec8)
[LOG] SoundI::release                          :     Metal Step 37 (0x7fc3866da6d8)
[LOG] SoundI::release                          :  (0x7fc386628888)
[LOG] SoundI::release                          :     Metal Step 4 (0x7fc38669baf8)
[LOG] SoundI::release                          :  (0x7fc3866797b8)
[LOG] SoundI::release                          :     Metal Step 6 (0x7fc38666f8f8)
[LOG] SoundI::release                          :  (0x7fc386cc2448)
[LOG] SoundI::release                          :     Metal Step 8 (0x7fc38a355ff8)
[LOG] Thread::callback                         : FMOD Studio update thread finished.
[LOG] Thread::callback                         : FMOD Studio bank load thread finished.
[LOG] Profile::disconnectAll                   : Profiler disconnecting all clients
[LOG] Thread::callback                         : FMOD Studio sample load thread finished.
[LOG] LiveUpdate::release                      : 
[LOG] LiveUpdate::reset                        : Reset connection (reason Disconnected)
[LOG] Thread::callback                         : FMOD stream thread finished.
[LOG] Thread::callback                         : FMOD mixer thread finished.
[LOG] Profile::disconnectAll                   : Profiler disconnecting all clients
[LOG] SystemI::close                           : Closed.
[LOG] Thread::callback                         : FMOD Studio bank load thread finished.
[LOG] Thread::callback                         : FMOD Studio sample load thread finished.
[LOG] LiveUpdate::release                      : 
[LOG] LiveUpdate::reset                        : Reset connection (reason Disconnected)
[LOG] Thread::callback                         : FMOD stream thread finished.
[LOG] Thread::callback                         : FMOD mixer thread finished.
[LOG] SystemI::close                           : Closed.
[LOG] Thread::callback                         : FMOD nonblocking thread (0) finished.
[LOG] Thread::callback                         : FMOD file thread finished.
